Building DAG of jobs...
Using shell: /usr/bin/bash
Provided cores: 1 (use --cores to define parallelism)
Rules claiming more threads will be scaled down.
Job stats:
job      count    min threads    max threads
-----  -------  -------------  -------------
bello        1              1              1
total        1              1              1

Select jobs to execute...

[Mon Sep 12 11:31:41 2022]
rule bello:
    input: hello_world.txt
    output: hello_world.bello.tsv
    jobid: 0
    reason: Missing output files: hello_world.bello.tsv
    wildcards: prefix=hello_world
    resources: tmpdir=/tmp

Shutting down, this might take some time.
Exiting because a job execution failed. Look above for error message
Complete log: .snakemake/log/2022-09-12T113141.431636.snakemake.log
