Building DAG of jobs...
Using shell: /usr/bin/bash
Provided cores: 1 (use --cores to define parallelism)
Rules claiming more threads will be scaled down.
Job stats:
job      count    min threads    max threads
-----  -------  -------------  -------------
bello        1              1              1
total        1              1              1

Select jobs to execute...

[Mon Sep 12 11:32:18 2022]
rule bello:
    input: hello_world.txt
    output: hello_world.bello.tsv
    jobid: 0
    reason: Missing output files: hello_world.bello.tsv
    wildcards: prefix=hello_world
    resources: tmpdir=/tmp

[Mon Sep 12 11:32:19 2022]
Finished job 0.
1 of 1 steps (100%) done
Complete log: .snakemake/log/2022-09-12T113218.442389.snakemake.log
