Building DAG of jobs...
Using shell: /usr/bin/bash
Provided cores: 1 (use --cores to define parallelism)
Rules claiming more threads will be scaled down.
Job stats:
job      count    min threads    max threads
-----  -------  -------------  -------------
Hello        1              1              1
world        1              1              1
total        2              1              1

Select jobs to execute...

[Mon Sep 12 11:21:03 2022]
rule Hello:
    output: hello_world.txt
    jobid: 1
    reason: Missing output files: hello_world.txt
    wildcards: prefix=hello_world
    resources: tmpdir=/tmp

[Mon Sep 12 11:21:03 2022]
Finished job 1.
1 of 2 steps (50%) done
Select jobs to execute...

[Mon Sep 12 11:21:03 2022]
rule world:
    input: hello_world.txt
    output: hello_world.second.csv
    jobid: 0
    reason: Missing output files: hello_world.second.csv; Input files updated by another job: hello_world.txt
    wildcards: prefix=hello_world
    resources: tmpdir=/tmp

[Mon Sep 12 11:21:03 2022]
Finished job 0.
2 of 2 steps (100%) done
Complete log: .snakemake/log/2022-09-12T112103.686320.snakemake.log
