Building DAG of jobs...
Using shell: /usr/bin/bash
Provided cores: 1 (use --cores to define parallelism)
Rules claiming more threads will be scaled down.
Job stats:
job      count    min threads    max threads
-----  -------  -------------  -------------
Hello        1              1              1
total        1              1              1

Select jobs to execute...

[Mon Sep 12 11:18:37 2022]
rule Hello:
    output: abss.txt
    jobid: 0
    reason: Missing output files: abss.txt
    wildcards: prefix=abss
    resources: tmpdir=/tmp

[Mon Sep 12 11:18:37 2022]
Finished job 0.
1 of 1 steps (100%) done
Complete log: .snakemake/log/2022-09-12T111836.854982.snakemake.log
