Building DAG of jobs...
Using shell: /usr/bin/bash
Provided cores: 1 (use --cores to define parallelism)
Rules claiming more threads will be scaled down.
Job stats:
job      count    min threads    max threads
-----  -------  -------------  -------------
Hello        1              1              1
bello        1              1              1
total        2              1              1

Select jobs to execute...

[Mon Sep 12 11:28:45 2022]
rule Hello:
    output: hello_world.txt
    jobid: 1
    reason: Missing output files: hello_world.txt
    wildcards: prefix=hello_world
    resources: tmpdir=/tmp

[Mon Sep 12 11:28:45 2022]
Finished job 1.
1 of 2 steps (50%) done
Select jobs to execute...

[Mon Sep 12 11:28:45 2022]
rule bello:
    input: hello_world.txt
    output: hello_world.bello.tsv
    jobid: 0
    reason: Missing output files: hello_world.bello.tsv; Input files updated by another job: hello_world.txt
    wildcards: prefix=hello_world
    resources: tmpdir=/tmp

Shutting down, this might take some time.
Exiting because a job execution failed. Look above for error message
Complete log: .snakemake/log/2022-09-12T112845.506621.snakemake.log
